This is pdfTeX, Version 3.14159265-2.6-1.40.16 (TeX Live 2015) (preloaded format=pdflatex 2016.4.13)  9 SEP 2017 08:47
entering extended mode
 \write18 enabled.
 file:line:error style messages enabled.
 %&-line parsing enabled.
**Article.tex
(./Article.tex
LaTeX2e <2016/03/31>
Babel <3.9q> and hyphenation patterns for 81 language(s) loaded.
(/usr/local/texlive/2015/texmf-dist/tex/latex/base/article.cls
Document Class: article 2014/09/29 v1.4h Standard LaTeX document class
(/usr/local/texlive/2015/texmf-dist/tex/latex/base/size10.clo
File: size10.clo 2014/09/29 v1.4h Standard LaTeX file (size option)
)
\c@part=\count79
\c@section=\count80
\c@subsection=\count81
\c@subsubsection=\count82
\c@paragraph=\count83
\c@subparagraph=\count84
\c@figure=\count85
\c@table=\count86
\abovecaptionskip=\skip41
\belowcaptionskip=\skip42
\bibindent=\dimen102
)
(/usr/local/texlive/2015/texmf-dist/tex/latex/base/inputenc.sty
Package: inputenc 2015/03/17 v1.2c Input encoding file
\inpenc@prehook=\toks14
\inpenc@posthook=\toks15

(/usr/local/texlive/2015/texmf-dist/tex/latex/base/utf8.def
File: utf8.def 2016/02/28 v1.1s UTF-8 support for inputenc
Now handling font encoding OML ...
... no UTF-8 mapping file for font encoding OML
Now handling font encoding T1 ...
... processing UTF-8 mapping file for font encoding T1

(/usr/local/texlive/2015/texmf-dist/tex/latex/base/t1enc.dfu
File: t1enc.dfu 2016/02/28 v1.1s UTF-8 support for inputenc
   defining Unicode char U+00A0 (decimal 160)
   defining Unicode char U+00A1 (decimal 161)
   defining Unicode char U+00A3 (decimal 163)
   defining Unicode char U+00AB (decimal 171)
   defining Unicode char U+00AD (decimal 173)
   defining Unicode char U+00BB (decimal 187)
   defining Unicode char U+00BF (decimal 191)
   defining Unicode char U+00C0 (decimal 192)
   defining Unicode char U+00C1 (decimal 193)
   defining Unicode char U+00C2 (decimal 194)
   defining Unicode char U+00C3 (decimal 195)
   defining Unicode char U+00C4 (decimal 196)
   defining Unicode char U+00C5 (decimal 197)
   defining Unicode char U+00C6 (decimal 198)
   defining Unicode char U+00C7 (decimal 199)
   defining Unicode char U+00C8 (decimal 200)
   defining Unicode char U+00C9 (decimal 201)
   defining Unicode char U+00CA (decimal 202)
   defining Unicode char U+00CB (decimal 203)
   defining Unicode char U+00CC (decimal 204)
   defining Unicode char U+00CD (decimal 205)
   defining Unicode char U+00CE (decimal 206)
   defining Unicode char U+00CF (decimal 207)
   defining Unicode char U+00D0 (decimal 208)
   defining Unicode char U+00D1 (decimal 209)
   defining Unicode char U+00D2 (decimal 210)
   defining Unicode char U+00D3 (decimal 211)
   defining Unicode char U+00D4 (decimal 212)
   defining Unicode char U+00D5 (decimal 213)
   defining Unicode char U+00D6 (decimal 214)
   defining Unicode char U+00D8 (decimal 216)
   defining Unicode char U+00D9 (decimal 217)
   defining Unicode char U+00DA (decimal 218)
   defining Unicode char U+00DB (decimal 219)
   defining Unicode char U+00DC (decimal 220)
   defining Unicode char U+00DD (decimal 221)
   defining Unicode char U+00DE (decimal 222)
   defining Unicode char U+00DF (decimal 223)
   defining Unicode char U+00E0 (decimal 224)
   defining Unicode char U+00E1 (decimal 225)
   defining Unicode char U+00E2 (decimal 226)
   defining Unicode char U+00E3 (decimal 227)
   defining Unicode char U+00E4 (decimal 228)
   defining Unicode char U+00E5 (decimal 229)
   defining Unicode char U+00E6 (decimal 230)
   defining Unicode char U+00E7 (decimal 231)
   defining Unicode char U+00E8 (decimal 232)
   defining Unicode char U+00E9 (decimal 233)
   defining Unicode char U+00EA (decimal 234)
   defining Unicode char U+00EB (decimal 235)
   defining Unicode char U+00EC (decimal 236)
   defining Unicode char U+00ED (decimal 237)
   defining Unicode char U+00EE (decimal 238)
   defining Unicode char U+00EF (decimal 239)
   defining Unicode char U+00F0 (decimal 240)
   defining Unicode char U+00F1 (decimal 241)
   defining Unicode char U+00F2 (decimal 242)
   defining Unicode char U+00F3 (decimal 243)
   defining Unicode char U+00F4 (decimal 244)
   defining Unicode char U+00F5 (decimal 245)
   defining Unicode char U+00F6 (decimal 246)
   defining Unicode char U+00F8 (decimal 248)
   defining Unicode char U+00F9 (decimal 249)
   defining Unicode char U+00FA (decimal 250)
   defining Unicode char U+00FB (decimal 251)
   defining Unicode char U+00FC (decimal 252)
   defining Unicode char U+00FD (decimal 253)
   defining Unicode char U+00FE (decimal 254)
   defining Unicode char U+00FF (decimal 255)
   defining Unicode char U+0100 (decimal 256)
   defining Unicode char U+0101 (decimal 257)
   defining Unicode char U+0102 (decimal 258)
   defining Unicode char U+0103 (decimal 259)
   defining Unicode char U+0104 (decimal 260)
   defining Unicode char U+0105 (decimal 261)
   defining Unicode char U+0106 (decimal 262)
   defining Unicode char U+0107 (decimal 263)
   defining Unicode char U+0108 (decimal 264)
   defining Unicode char U+0109 (decimal 265)
   defining Unicode char U+010A (decimal 266)
   defining Unicode char U+010B (decimal 267)
   defining Unicode char U+010C (decimal 268)
   defining Unicode char U+010D (decimal 269)
   defining Unicode char U+010E (decimal 270)
   defining Unicode char U+010F (decimal 271)
   defining Unicode char U+0110 (decimal 272)
   defining Unicode char U+0111 (decimal 273)
   defining Unicode char U+0112 (decimal 274)
   defining Unicode char U+0113 (decimal 275)
   defining Unicode char U+0114 (decimal 276)
   defining Unicode char U+0115 (decimal 277)
   defining Unicode char U+0116 (decimal 278)
   defining Unicode char U+0117 (decimal 279)
   defining Unicode char U+0118 (decimal 280)
   defining Unicode char U+0119 (decimal 281)
   defining Unicode char U+011A (decimal 282)
   defining Unicode char U+011B (decimal 283)
   defining Unicode char U+011C (decimal 284)
   defining Unicode char U+011D (decimal 285)
   defining Unicode char U+011E (decimal 286)
   defining Unicode char U+011F (decimal 287)
   defining Unicode char U+0120 (decimal 288)
   defining Unicode char U+0121 (decimal 289)
   defining Unicode char U+0122 (decimal 290)
   defining Unicode char U+0123 (decimal 291)
   defining Unicode char U+0124 (decimal 292)
   defining Unicode char U+0125 (decimal 293)
   defining Unicode char U+0128 (decimal 296)
   defining Unicode char U+0129 (decimal 297)
   defining Unicode char U+012A (decimal 298)
   defining Unicode char U+012B (decimal 299)
   defining Unicode char U+012C (decimal 300)
   defining Unicode char U+012D (decimal 301)
   defining Unicode char U+012E (decimal 302)
   defining Unicode char U+012F (decimal 303)
   defining Unicode char U+0130 (decimal 304)
   defining Unicode char U+0131 (decimal 305)
   defining Unicode char U+0132 (decimal 306)
   defining Unicode char U+0133 (decimal 307)
   defining Unicode char U+0134 (decimal 308)
   defining Unicode char U+0135 (decimal 309)
   defining Unicode char U+0136 (decimal 310)
   defining Unicode char U+0137 (decimal 311)
   defining Unicode char U+0139 (decimal 313)
   defining Unicode char U+013A (decimal 314)
   defining Unicode char U+013B (decimal 315)
   defining Unicode char U+013C (decimal 316)
   defining Unicode char U+013D (decimal 317)
   defining Unicode char U+013E (decimal 318)
   defining Unicode char U+0141 (decimal 321)
   defining Unicode char U+0142 (decimal 322)
   defining Unicode char U+0143 (decimal 323)
   defining Unicode char U+0144 (decimal 324)
   defining Unicode char U+0145 (decimal 325)
   defining Unicode char U+0146 (decimal 326)
   defining Unicode char U+0147 (decimal 327)
   defining Unicode char U+0148 (decimal 328)
   defining Unicode char U+014A (decimal 330)
   defining Unicode char U+014B (decimal 331)
   defining Unicode char U+014C (decimal 332)
   defining Unicode char U+014D (decimal 333)
   defining Unicode char U+014E (decimal 334)
   defining Unicode char U+014F (decimal 335)
   defining Unicode char U+0150 (decimal 336)
   defining Unicode char U+0151 (decimal 337)
   defining Unicode char U+0152 (decimal 338)
   defining Unicode char U+0153 (decimal 339)
   defining Unicode char U+0154 (decimal 340)
   defining Unicode char U+0155 (decimal 341)
   defining Unicode char U+0156 (decimal 342)
   defining Unicode char U+0157 (decimal 343)
   defining Unicode char U+0158 (decimal 344)
   defining Unicode char U+0159 (decimal 345)
   defining Unicode char U+015A (decimal 346)
   defining Unicode char U+015B (decimal 347)
   defining Unicode char U+015C (decimal 348)
   defining Unicode char U+015D (decimal 349)
   defining Unicode char U+015E (decimal 350)
   defining Unicode char U+015F (decimal 351)
   defining Unicode char U+0160 (decimal 352)
   defining Unicode char U+0161 (decimal 353)
   defining Unicode char U+0162 (decimal 354)
   defining Unicode char U+0163 (decimal 355)
   defining Unicode char U+0164 (decimal 356)
   defining Unicode char U+0165 (decimal 357)
   defining Unicode char U+0168 (decimal 360)
   defining Unicode char U+0169 (decimal 361)
   defining Unicode char U+016A (decimal 362)
   defining Unicode char U+016B (decimal 363)
   defining Unicode char U+016C (decimal 364)
   defining Unicode char U+016D (decimal 365)
   defining Unicode char U+016E (decimal 366)
   defining Unicode char U+016F (decimal 367)
   defining Unicode char U+0170 (decimal 368)
   defining Unicode char U+0171 (decimal 369)
   defining Unicode char U+0172 (decimal 370)
   defining Unicode char U+0173 (decimal 371)
   defining Unicode char U+0174 (decimal 372)
   defining Unicode char U+0175 (decimal 373)
   defining Unicode char U+0176 (decimal 374)
   defining Unicode char U+0177 (decimal 375)
   defining Unicode char U+0178 (decimal 376)
   defining Unicode char U+0179 (decimal 377)
   defining Unicode char U+017A (decimal 378)
   defining Unicode char U+017B (decimal 379)
   defining Unicode char U+017C (decimal 380)
   defining Unicode char U+017D (decimal 381)
   defining Unicode char U+017E (decimal 382)
   defining Unicode char U+01CD (decimal 461)
   defining Unicode char U+01CE (decimal 462)
   defining Unicode char U+01CF (decimal 463)
   defining Unicode char U+01D0 (decimal 464)
   defining Unicode char U+01D1 (decimal 465)
   defining Unicode char U+01D2 (decimal 466)
   defining Unicode char U+01D3 (decimal 467)
   defining Unicode char U+01D4 (decimal 468)
   defining Unicode char U+01E2 (decimal 482)
   defining Unicode char U+01E3 (decimal 483)
   defining Unicode char U+01E6 (decimal 486)
   defining Unicode char U+01E7 (decimal 487)
   defining Unicode char U+01E8 (decimal 488)
   defining Unicode char U+01E9 (decimal 489)
   defining Unicode char U+01EA (decimal 490)
   defining Unicode char U+01EB (decimal 491)
   defining Unicode char U+01F0 (decimal 496)
   defining Unicode char U+01F4 (decimal 500)
   defining Unicode char U+01F5 (decimal 501)
   defining Unicode char U+0218 (decimal 536)
   defining Unicode char U+0219 (decimal 537)
   defining Unicode char U+021A (decimal 538)
   defining Unicode char U+021B (decimal 539)
   defining Unicode char U+1E02 (decimal 7682)
   defining Unicode char U+1E03 (decimal 7683)
   defining Unicode char U+200C (decimal 8204)
   defining Unicode char U+2010 (decimal 8208)
   defining Unicode char U+2011 (decimal 8209)
   defining Unicode char U+2012 (decimal 8210)
   defining Unicode char U+2013 (decimal 8211)
   defining Unicode char U+2014 (decimal 8212)
   defining Unicode char U+2015 (decimal 8213)
   defining Unicode char U+2018 (decimal 8216)
   defining Unicode char U+2019 (decimal 8217)
   defining Unicode char U+201A (decimal 8218)
   defining Unicode char U+201C (decimal 8220)
   defining Unicode char U+201D (decimal 8221)
   defining Unicode char U+201E (decimal 8222)
   defining Unicode char U+2030 (decimal 8240)
   defining Unicode char U+2031 (decimal 8241)
   defining Unicode char U+2039 (decimal 8249)
   defining Unicode char U+203A (decimal 8250)
   defining Unicode char U+2423 (decimal 9251)
)
Now handling font encoding OT1 ...
... processing UTF-8 mapping file for font encoding OT1

(/usr/local/texlive/2015/texmf-dist/tex/latex/base/ot1enc.dfu
File: ot1enc.dfu 2016/02/28 v1.1s UTF-8 support for inputenc
   defining Unicode char U+00A0 (decimal 160)
   defining Unicode char U+00A1 (decimal 161)
   defining Unicode char U+00A3 (decimal 163)
   defining Unicode char U+00AD (decimal 173)
   defining Unicode char U+00B8 (decimal 184)
   defining Unicode char U+00BF (decimal 191)
   defining Unicode char U+00C5 (decimal 197)
   defining Unicode char U+00C6 (decimal 198)
   defining Unicode char U+00D8 (decimal 216)
   defining Unicode char U+00DF (decimal 223)
   defining Unicode char U+00E6 (decimal 230)
   defining Unicode char U+00EC (decimal 236)
   defining Unicode char U+00ED (decimal 237)
   defining Unicode char U+00EE (decimal 238)
   defining Unicode char U+00EF (decimal 239)
   defining Unicode char U+00F8 (decimal 248)
   defining Unicode char U+0131 (decimal 305)
   defining Unicode char U+0141 (decimal 321)
   defining Unicode char U+0142 (decimal 322)
   defining Unicode char U+0152 (decimal 338)
   defining Unicode char U+0153 (decimal 339)
   defining Unicode char U+0174 (decimal 372)
   defining Unicode char U+0175 (decimal 373)
   defining Unicode char U+0176 (decimal 374)
   defining Unicode char U+0177 (decimal 375)
   defining Unicode char U+0218 (decimal 536)
   defining Unicode char U+0219 (decimal 537)
   defining Unicode char U+021A (decimal 538)
   defining Unicode char U+021B (decimal 539)
   defining Unicode char U+2013 (decimal 8211)
   defining Unicode char U+2014 (decimal 8212)
   defining Unicode char U+2018 (decimal 8216)
   defining Unicode char U+2019 (decimal 8217)
   defining Unicode char U+201C (decimal 8220)
   defining Unicode char U+201D (decimal 8221)
)
Now handling font encoding OMS ...
... processing UTF-8 mapping file for font encoding OMS

(/usr/local/texlive/2015/texmf-dist/tex/latex/base/omsenc.dfu
File: omsenc.dfu 2016/02/28 v1.1s UTF-8 support for inputenc
   defining Unicode char U+00A7 (decimal 167)
   defining Unicode char U+00B6 (decimal 182)
   defining Unicode char U+00B7 (decimal 183)
   defining Unicode char U+2020 (decimal 8224)
   defining Unicode char U+2021 (decimal 8225)
   defining Unicode char U+2022 (decimal 8226)
)
Now handling font encoding OMX ...
... no UTF-8 mapping file for font encoding OMX
Now handling font encoding U ...
... no UTF-8 mapping file for font encoding U
   defining Unicode char U+00A9 (decimal 169)
   defining Unicode char U+00AA (decimal 170)
   defining Unicode char U+00AE (decimal 174)
   defining Unicode char U+00BA (decimal 186)
   defining Unicode char U+02C6 (decimal 710)
   defining Unicode char U+02DC (decimal 732)
   defining Unicode char U+200C (decimal 8204)
   defining Unicode char U+2026 (decimal 8230)
   defining Unicode char U+2122 (decimal 8482)
   defining Unicode char U+2423 (decimal 9251)
))
(/usr/local/texlive/2015/texmf-dist/tex/latex/amsfonts/amssymb.sty
Package: amssymb 2013/01/14 v3.01 AMS font symbols

(/usr/local/texlive/2015/texmf-dist/tex/latex/amsfonts/amsfonts.sty
Package: amsfonts 2013/01/14 v3.01 Basic AMSFonts support
\@emptytoks=\toks16
\symAMSa=\mathgroup4
\symAMSb=\mathgroup5
LaTeX Font Info:    Overwriting math alphabet `\mathfrak' in version `bold'
(Font)                  U/euf/m/n --> U/euf/b/n on input line 106.
))
(/usr/local/texlive/2015/texmf-dist/tex/latex/amsmath/amsmath.sty
Package: amsmath 2016/03/10 v2.15b AMS math features
\@mathmargin=\skip43

For additional information on amsmath, use the `?' option.
(/usr/local/texlive/2015/texmf-dist/tex/latex/amsmath/amstext.sty
Package: amstext 2000/06/29 v2.01 AMS text

(/usr/local/texlive/2015/texmf-dist/tex/latex/amsmath/amsgen.sty
File: amsgen.sty 1999/11/30 v2.0 generic functions
\@emptytoks=\toks17
\ex@=\dimen103
))
(/usr/local/texlive/2015/texmf-dist/tex/latex/amsmath/amsbsy.sty
Package: amsbsy 1999/11/29 v1.2d Bold Symbols
\pmbraise@=\dimen104
)
(/usr/local/texlive/2015/texmf-dist/tex/latex/amsmath/amsopn.sty
Package: amsopn 2016/03/08 v2.02 operator names
)
\inf@bad=\count87
LaTeX Info: Redefining \frac on input line 199.
\uproot@=\count88
\leftroot@=\count89
LaTeX Info: Redefining \overline on input line 297.
\classnum@=\count90
\DOTSCASE@=\count91
LaTeX Info: Redefining \ldots on input line 394.
LaTeX Info: Redefining \dots on input line 397.
LaTeX Info: Redefining \cdots on input line 518.
\Mathstrutbox@=\box26
\strutbox@=\box27
\big@size=\dimen105
LaTeX Font Info:    Redeclaring font encoding OML on input line 634.
LaTeX Font Info:    Redeclaring font encoding OMS on input line 635.
\macc@depth=\count92
\c@MaxMatrixCols=\count93
\dotsspace@=\muskip10
\c@parentequation=\count94
\dspbrk@lvl=\count95
\tag@help=\toks18
\row@=\count96
\column@=\count97
\maxfields@=\count98
\andhelp@=\toks19
\eqnshift@=\dimen106
\alignsep@=\dimen107
\tagshift@=\dimen108
\tagwidth@=\dimen109
\totwidth@=\dimen110
\lineht@=\dimen111
\@envbody=\toks20
\multlinegap=\skip44
\multlinetaggap=\skip45
\mathdisplay@stack=\toks21
LaTeX Info: Redefining \[ on input line 2739.
LaTeX Info: Redefining \] on input line 2740.
)
(/usr/local/texlive/2015/texmf-dist/tex/latex/amscls/amsthm.sty
Package: amsthm 2015/03/04 v2.20.2
\thm@style=\toks22
\thm@bodyfont=\toks23
\thm@headfont=\toks24
\thm@notefont=\toks25
\thm@headpunct=\toks26
\thm@preskip=\skip46
\thm@postskip=\skip47
\thm@headsep=\skip48
\dth@everypar=\toks27
)
(/usr/local/texlive/2015/texmf-dist/tex/latex/float/float.sty
Package: float 2001/11/08 v1.3d Float enhancements (AL)
\c@float@type=\count99
\float@exts=\toks28
\float@box=\box28
\@float@everytoks=\toks29
\@floatcapt=\box29
)
(/usr/local/texlive/2015/texmf-dist/tex/latex/pgf/frontendlayer/tikz.sty
(/usr/local/texlive/2015/texmf-dist/tex/latex/pgf/basiclayer/pgf.sty
(/usr/local/texlive/2015/texmf-dist/tex/latex/pgf/utilities/pgfrcs.sty
(/usr/local/texlive/2015/texmf-dist/tex/generic/pgf/utilities/pgfutil-common.te
x
\pgfutil@everybye=\toks30
\pgfutil@tempdima=\dimen112
\pgfutil@tempdimb=\dimen113

(/usr/local/texlive/2015/texmf-dist/tex/generic/pgf/utilities/pgfutil-common-li
sts.tex))
(/usr/local/texlive/2015/texmf-dist/tex/generic/pgf/utilities/pgfutil-latex.def
\pgfutil@abb=\box30
(/usr/local/texlive/2015/texmf-dist/tex/latex/ms/everyshi.sty
Package: everyshi 2001/05/15 v3.00 EveryShipout Package (MS)
))
(/usr/local/texlive/2015/texmf-dist/tex/generic/pgf/utilities/pgfrcs.code.tex
Package: pgfrcs 2015/08/07 v3.0.1a (rcs-revision 1.31)
))
Package: pgf 2015/08/07 v3.0.1a (rcs-revision 1.15)
(/usr/local/texlive/2015/texmf-dist/tex/latex/pgf/basiclayer/pgfcore.sty
(/usr/local/texlive/2015/texmf-dist/tex/latex/graphics/graphicx.sty
Package: graphicx 2014/10/28 v1.0g Enhanced LaTeX Graphics (DPC,SPQR)

(/usr/local/texlive/2015/texmf-dist/tex/latex/graphics/keyval.sty
Package: keyval 2014/10/28 v1.15 key=value parser (DPC)
\KV@toks@=\toks31
)
(/usr/local/texlive/2015/texmf-dist/tex/latex/graphics/graphics.sty
Package: graphics 2016/01/03 v1.0q Standard LaTeX Graphics (DPC,SPQR)

(/usr/local/texlive/2015/texmf-dist/tex/latex/graphics/trig.sty
Package: trig 2016/01/03 v1.10 sin cos tan (DPC)
)
(/usr/local/texlive/2015/texmf-dist/tex/latex/latexconfig/graphics.cfg
File: graphics.cfg 2010/04/23 v1.9 graphics configuration of TeX Live
)
Package graphics Info: Driver file: pdftex.def on input line 95.

(/usr/local/texlive/2015/texmf-dist/tex/latex/pdftex-def/pdftex.def
File: pdftex.def 2011/05/27 v0.06d Graphics/color for pdfTeX

(/usr/local/texlive/2015/texmf-dist/tex/generic/oberdiek/infwarerr.sty
Package: infwarerr 2010/04/08 v1.3 Providing info/warning/error messages (HO)
)
(/usr/local/texlive/2015/texmf-dist/tex/generic/oberdiek/ltxcmds.sty
Package: ltxcmds 2011/11/09 v1.22 LaTeX kernel commands for general use (HO)
)
\Gread@gobject=\count100
))
\Gin@req@height=\dimen114
\Gin@req@width=\dimen115
)
(/usr/local/texlive/2015/texmf-dist/tex/latex/pgf/systemlayer/pgfsys.sty
(/usr/local/texlive/2015/texmf-dist/tex/generic/pgf/systemlayer/pgfsys.code.tex
Package: pgfsys 2014/07/09 v3.0.1a (rcs-revision 1.48)
(/usr/local/texlive/2015/texmf-dist/tex/generic/pgf/utilities/pgfkeys.code.tex
\pgfkeys@pathtoks=\toks32
\pgfkeys@temptoks=\toks33

(/usr/local/texlive/2015/texmf-dist/tex/generic/pgf/utilities/pgfkeysfiltered.c
ode.tex
\pgfkeys@tmptoks=\toks34
))
\pgf@x=\dimen116
\pgf@y=\dimen117
\pgf@xa=\dimen118
\pgf@ya=\dimen119
\pgf@xb=\dimen120
\pgf@yb=\dimen121
\pgf@xc=\dimen122
\pgf@yc=\dimen123
\w@pgf@writea=\write3
\r@pgf@reada=\read1
\c@pgf@counta=\count101
\c@pgf@countb=\count102
\c@pgf@countc=\count103
\c@pgf@countd=\count104
\t@pgf@toka=\toks35
\t@pgf@tokb=\toks36
\t@pgf@tokc=\toks37

(/usr/local/texlive/2015/texmf-dist/tex/generic/pgf/systemlayer/pgf.cfg
File: pgf.cfg 2008/05/14  (rcs-revision 1.7)
)
Driver file for pgf: pgfsys-pdftex.def

(/usr/local/texlive/2015/texmf-dist/tex/generic/pgf/systemlayer/pgfsys-pdftex.d
ef
File: pgfsys-pdftex.def 2014/10/11  (rcs-revision 1.35)

(/usr/local/texlive/2015/texmf-dist/tex/generic/pgf/systemlayer/pgfsys-common-p
df.def
File: pgfsys-common-pdf.def 2013/10/10  (rcs-revision 1.13)
)))
(/usr/local/texlive/2015/texmf-dist/tex/generic/pgf/systemlayer/pgfsyssoftpath.
code.tex
File: pgfsyssoftpath.code.tex 2013/09/09  (rcs-revision 1.9)
\pgfsyssoftpath@smallbuffer@items=\count105
\pgfsyssoftpath@bigbuffer@items=\count106
)
(/usr/local/texlive/2015/texmf-dist/tex/generic/pgf/systemlayer/pgfsysprotocol.
code.tex
File: pgfsysprotocol.code.tex 2006/10/16  (rcs-revision 1.4)
)) (/usr/local/texlive/2015/texmf-dist/tex/latex/xcolor/xcolor.sty
Package: xcolor 2007/01/21 v2.11 LaTeX color extensions (UK)

(/usr/local/texlive/2015/texmf-dist/tex/latex/latexconfig/color.cfg
File: color.cfg 2007/01/18 v1.5 color configuration of teTeX/TeXLive
)
Package xcolor Info: Driver file: pdftex.def on input line 225.
Package xcolor Info: Model `cmy' substituted by `cmy0' on input line 1337.
Package xcolor Info: Model `hsb' substituted by `rgb' on input line 1341.
Package xcolor Info: Model `RGB' extended on input line 1353.
Package xcolor Info: Model `HTML' substituted by `rgb' on input line 1355.
Package xcolor Info: Model `Hsb' substituted by `hsb' on input line 1356.
Package xcolor Info: Model `tHsb' substituted by `hsb' on input line 1357.
Package xcolor Info: Model `HSB' substituted by `hsb' on input line 1358.
Package xcolor Info: Model `Gray' substituted by `gray' on input line 1359.
Package xcolor Info: Model `wave' substituted by `hsb' on input line 1360.
)
(/usr/local/texlive/2015/texmf-dist/tex/generic/pgf/basiclayer/pgfcore.code.tex
Package: pgfcore 2010/04/11 v3.0.1a (rcs-revision 1.7)
(/usr/local/texlive/2015/texmf-dist/tex/generic/pgf/math/pgfmath.code.tex
(/usr/local/texlive/2015/texmf-dist/tex/generic/pgf/math/pgfmathcalc.code.tex
(/usr/local/texlive/2015/texmf-dist/tex/generic/pgf/math/pgfmathutil.code.tex)
(/usr/local/texlive/2015/texmf-dist/tex/generic/pgf/math/pgfmathparser.code.tex
\pgfmath@dimen=\dimen124
\pgfmath@count=\count107
\pgfmath@box=\box31
\pgfmath@toks=\toks38
\pgfmath@stack@operand=\toks39
\pgfmath@stack@operation=\toks40
)
(/usr/local/texlive/2015/texmf-dist/tex/generic/pgf/math/pgfmathfunctions.code.
tex
(/usr/local/texlive/2015/texmf-dist/tex/generic/pgf/math/pgfmathfunctions.basic
.code.tex)
(/usr/local/texlive/2015/texmf-dist/tex/generic/pgf/math/pgfmathfunctions.trigo
nometric.code.tex)
(/usr/local/texlive/2015/texmf-dist/tex/generic/pgf/math/pgfmathfunctions.rando
m.code.tex)
(/usr/local/texlive/2015/texmf-dist/tex/generic/pgf/math/pgfmathfunctions.compa
rison.code.tex)
(/usr/local/texlive/2015/texmf-dist/tex/generic/pgf/math/pgfmathfunctions.base.
code.tex)
(/usr/local/texlive/2015/texmf-dist/tex/generic/pgf/math/pgfmathfunctions.round
.code.tex)
(/usr/local/texlive/2015/texmf-dist/tex/generic/pgf/math/pgfmathfunctions.misc.
code.tex)
(/usr/local/texlive/2015/texmf-dist/tex/generic/pgf/math/pgfmathfunctions.integ
erarithmetics.code.tex)))
(/usr/local/texlive/2015/texmf-dist/tex/generic/pgf/math/pgfmathfloat.code.tex
\c@pgfmathroundto@lastzeros=\count108
))
(/usr/local/texlive/2015/texmf-dist/tex/generic/pgf/basiclayer/pgfcorepoints.co
de.tex
File: pgfcorepoints.code.tex 2013/10/07  (rcs-revision 1.27)
\pgf@picminx=\dimen125
\pgf@picmaxx=\dimen126
\pgf@picminy=\dimen127
\pgf@picmaxy=\dimen128
\pgf@pathminx=\dimen129
\pgf@pathmaxx=\dimen130
\pgf@pathminy=\dimen131
\pgf@pathmaxy=\dimen132
\pgf@xx=\dimen133
\pgf@xy=\dimen134
\pgf@yx=\dimen135
\pgf@yy=\dimen136
\pgf@zx=\dimen137
\pgf@zy=\dimen138
)
(/usr/local/texlive/2015/texmf-dist/tex/generic/pgf/basiclayer/pgfcorepathconst
ruct.code.tex
File: pgfcorepathconstruct.code.tex 2013/10/07  (rcs-revision 1.29)
\pgf@path@lastx=\dimen139
\pgf@path@lasty=\dimen140
)
(/usr/local/texlive/2015/texmf-dist/tex/generic/pgf/basiclayer/pgfcorepathusage
.code.tex
File: pgfcorepathusage.code.tex 2014/11/02  (rcs-revision 1.24)
\pgf@shorten@end@additional=\dimen141
\pgf@shorten@start@additional=\dimen142
)
(/usr/local/texlive/2015/texmf-dist/tex/generic/pgf/basiclayer/pgfcorescopes.co
de.tex
File: pgfcorescopes.code.tex 2015/05/08  (rcs-revision 1.46)
\pgfpic=\box32
\pgf@hbox=\box33
\pgf@layerbox@main=\box34
\pgf@picture@serial@count=\count109
)
(/usr/local/texlive/2015/texmf-dist/tex/generic/pgf/basiclayer/pgfcoregraphicst
ate.code.tex
File: pgfcoregraphicstate.code.tex 2014/11/02  (rcs-revision 1.12)
\pgflinewidth=\dimen143
)
(/usr/local/texlive/2015/texmf-dist/tex/generic/pgf/basiclayer/pgfcoretransform
ations.code.tex
File: pgfcoretransformations.code.tex 2015/08/07  (rcs-revision 1.20)
\pgf@pt@x=\dimen144
\pgf@pt@y=\dimen145
\pgf@pt@temp=\dimen146
)
(/usr/local/texlive/2015/texmf-dist/tex/generic/pgf/basiclayer/pgfcorequick.cod
e.tex
File: pgfcorequick.code.tex 2008/10/09  (rcs-revision 1.3)
)
(/usr/local/texlive/2015/texmf-dist/tex/generic/pgf/basiclayer/pgfcoreobjects.c
ode.tex
File: pgfcoreobjects.code.tex 2006/10/11  (rcs-revision 1.2)
)
(/usr/local/texlive/2015/texmf-dist/tex/generic/pgf/basiclayer/pgfcorepathproce
ssing.code.tex
File: pgfcorepathprocessing.code.tex 2013/09/09  (rcs-revision 1.9)
)
(/usr/local/texlive/2015/texmf-dist/tex/generic/pgf/basiclayer/pgfcorearrows.co
de.tex
File: pgfcorearrows.code.tex 2015/05/14  (rcs-revision 1.43)
\pgfarrowsep=\dimen147
)
(/usr/local/texlive/2015/texmf-dist/tex/generic/pgf/basiclayer/pgfcoreshade.cod
e.tex
File: pgfcoreshade.code.tex 2013/07/15  (rcs-revision 1.15)
\pgf@max=\dimen148
\pgf@sys@shading@range@num=\count110
)
(/usr/local/texlive/2015/texmf-dist/tex/generic/pgf/basiclayer/pgfcoreimage.cod
e.tex
File: pgfcoreimage.code.tex 2013/07/15  (rcs-revision 1.18)

(/usr/local/texlive/2015/texmf-dist/tex/generic/pgf/basiclayer/pgfcoreexternal.
code.tex
File: pgfcoreexternal.code.tex 2014/07/09  (rcs-revision 1.21)
\pgfexternal@startupbox=\box35
))
(/usr/local/texlive/2015/texmf-dist/tex/generic/pgf/basiclayer/pgfcorelayers.co
de.tex
File: pgfcorelayers.code.tex 2013/07/18  (rcs-revision 1.7)
)
(/usr/local/texlive/2015/texmf-dist/tex/generic/pgf/basiclayer/pgfcoretranspare
ncy.code.tex
File: pgfcoretransparency.code.tex 2013/09/30  (rcs-revision 1.5)
)
(/usr/local/texlive/2015/texmf-dist/tex/generic/pgf/basiclayer/pgfcorepatterns.
code.tex
File: pgfcorepatterns.code.tex 2013/11/07  (rcs-revision 1.5)
)))
(/usr/local/texlive/2015/texmf-dist/tex/generic/pgf/modules/pgfmoduleshapes.cod
e.tex
File: pgfmoduleshapes.code.tex 2014/03/21  (rcs-revision 1.35)
\pgfnodeparttextbox=\box36
)
(/usr/local/texlive/2015/texmf-dist/tex/generic/pgf/modules/pgfmoduleplot.code.
tex
File: pgfmoduleplot.code.tex 2015/08/03  (rcs-revision 1.13)
)
(/usr/local/texlive/2015/texmf-dist/tex/latex/pgf/compatibility/pgfcomp-version
-0-65.sty
Package: pgfcomp-version-0-65 2007/07/03 v3.0.1a (rcs-revision 1.7)
\pgf@nodesepstart=\dimen149
\pgf@nodesepend=\dimen150
)
(/usr/local/texlive/2015/texmf-dist/tex/latex/pgf/compatibility/pgfcomp-version
-1-18.sty
Package: pgfcomp-version-1-18 2007/07/23 v3.0.1a (rcs-revision 1.1)
))
(/usr/local/texlive/2015/texmf-dist/tex/latex/pgf/utilities/pgffor.sty
(/usr/local/texlive/2015/texmf-dist/tex/latex/pgf/utilities/pgfkeys.sty
(/usr/local/texlive/2015/texmf-dist/tex/generic/pgf/utilities/pgfkeys.code.tex)
) (/usr/local/texlive/2015/texmf-dist/tex/latex/pgf/math/pgfmath.sty
(/usr/local/texlive/2015/texmf-dist/tex/generic/pgf/math/pgfmath.code.tex))
(/usr/local/texlive/2015/texmf-dist/tex/generic/pgf/utilities/pgffor.code.tex
Package: pgffor 2013/12/13 v3.0.1a (rcs-revision 1.25)

(/usr/local/texlive/2015/texmf-dist/tex/generic/pgf/math/pgfmath.code.tex)
\pgffor@iter=\dimen151
\pgffor@skip=\dimen152
\pgffor@stack=\toks41
\pgffor@toks=\toks42
))
(/usr/local/texlive/2015/texmf-dist/tex/generic/pgf/frontendlayer/tikz/tikz.cod
e.tex
Package: tikz 2015/08/07 v3.0.1a (rcs-revision 1.151)

(/usr/local/texlive/2015/texmf-dist/tex/generic/pgf/libraries/pgflibraryplothan
dlers.code.tex
File: pgflibraryplothandlers.code.tex 2013/08/31 v3.0.1a (rcs-revision 1.20)
\pgf@plot@mark@count=\count111
\pgfplotmarksize=\dimen153
)
\tikz@lastx=\dimen154
\tikz@lasty=\dimen155
\tikz@lastxsaved=\dimen156
\tikz@lastysaved=\dimen157
\tikzleveldistance=\dimen158
\tikzsiblingdistance=\dimen159
\tikz@figbox=\box37
\tikz@figbox@bg=\box38
\tikz@tempbox=\box39
\tikz@tempbox@bg=\box40
\tikztreelevel=\count112
\tikznumberofchildren=\count113
\tikznumberofcurrentchild=\count114
\tikz@fig@count=\count115

(/usr/local/texlive/2015/texmf-dist/tex/generic/pgf/modules/pgfmodulematrix.cod
e.tex
File: pgfmodulematrix.code.tex 2013/09/17  (rcs-revision 1.8)
\pgfmatrixcurrentrow=\count116
\pgfmatrixcurrentcolumn=\count117
\pgf@matrix@numberofcolumns=\count118
)
\tikz@expandcount=\count119

(/usr/local/texlive/2015/texmf-dist/tex/generic/pgf/frontendlayer/tikz/librarie
s/tikzlibrarytopaths.code.tex
File: tikzlibrarytopaths.code.tex 2008/06/17 v3.0.1a (rcs-revision 1.2)
)))
(/usr/local/texlive/2015/texmf-dist/tex/latex/caption/subcaption.sty
Package: subcaption 2016/02/20 v1.1-142 Sub-captions (AR)

(/usr/local/texlive/2015/texmf-dist/tex/latex/caption/caption.sty
Package: caption 2016/02/21 v3.3-144 Customizing captions (AR)

(/usr/local/texlive/2015/texmf-dist/tex/latex/caption/caption3.sty
Package: caption3 2016/02/04 v1.7-139 caption3 kernel (AR)
Package caption3 Info: TeX engine: e-TeX on input line 67.
\captionmargin=\dimen160
\captionmargin@=\dimen161
\captionwidth=\dimen162
\caption@tempdima=\dimen163
\caption@indent=\dimen164
\caption@parindent=\dimen165
\caption@hangindent=\dimen166
)
\c@ContinuedFloat=\count120
Package caption Info: float package is loaded.
)
\c@subfigure=\count121
\c@subtable=\count122
)
(/usr/local/texlive/2015/texmf-dist/tex/generic/pgf/frontendlayer/tikz/librarie
s/tikzlibrarycalc.code.tex
File: tikzlibrarycalc.code.tex 2013/07/15 v3.0.1a (rcs-revision 1.9)
)
(/usr/local/texlive/2015/texmf-dist/tex/generic/pgf/frontendlayer/tikz/librarie
s/tikzlibrarydecorations.markings.code.tex
(/usr/local/texlive/2015/texmf-dist/tex/generic/pgf/frontendlayer/tikz/librarie
s/tikzlibrarydecorations.code.tex
(/usr/local/texlive/2015/texmf-dist/tex/generic/pgf/modules/pgfmoduledecoration
s.code.tex
\pgfdecoratedcompleteddistance=\dimen167
\pgfdecoratedremainingdistance=\dimen168
\pgfdecoratedinputsegmentcompleteddistance=\dimen169
\pgfdecoratedinputsegmentremainingdistance=\dimen170
\pgf@decorate@distancetomove=\dimen171
\pgf@decorate@repeatstate=\count123
\pgfdecorationsegmentamplitude=\dimen172
\pgfdecorationsegmentlength=\dimen173
)
\tikz@lib@dec@box=\box41
)
(/usr/local/texlive/2015/texmf-dist/tex/generic/pgf/libraries/decorations/pgfli
brarydecorations.markings.code.tex))
(/usr/local/texlive/2015/texmf-dist/tex/generic/pgf/frontendlayer/tikz/librarie
s/tikzlibrarypositioning.code.tex
File: tikzlibrarypositioning.code.tex 2008/10/06 v3.0.1a (rcs-revision 1.7)
)
(/usr/local/texlive/2015/texmf-dist/tex/generic/pgf/frontendlayer/tikz/librarie
s/tikzlibraryshapes.code.tex
File: tikzlibraryshapes.code.tex 2008/01/09 v3.0.1a (rcs-revision 1.1)

(/usr/local/texlive/2015/texmf-dist/tex/generic/pgf/frontendlayer/tikz/librarie
s/tikzlibraryshapes.geometric.code.tex
File: tikzlibraryshapes.geometric.code.tex 2008/01/09 v3.0.1a (rcs-revision 1.1
)

(/usr/local/texlive/2015/texmf-dist/tex/generic/pgf/libraries/shapes/pgflibrary
shapes.geometric.code.tex
File: pgflibraryshapes.geometric.code.tex 2008/06/26 v3.0.1a (rcs-revision 1.1)

))
(/usr/local/texlive/2015/texmf-dist/tex/generic/pgf/frontendlayer/tikz/librarie
s/tikzlibraryshapes.misc.code.tex
File: tikzlibraryshapes.misc.code.tex 2008/01/09 v3.0.1a (rcs-revision 1.1)

(/usr/local/texlive/2015/texmf-dist/tex/generic/pgf/libraries/shapes/pgflibrary
shapes.misc.code.tex
File: pgflibraryshapes.misc.code.tex 2013/07/18 v3.0.1a (rcs-revision 1.5)
))
(/usr/local/texlive/2015/texmf-dist/tex/generic/pgf/frontendlayer/tikz/librarie
s/tikzlibraryshapes.symbols.code.tex
File: tikzlibraryshapes.symbols.code.tex 2008/01/09 v3.0.1a (rcs-revision 1.1)

(/usr/local/texlive/2015/texmf-dist/tex/generic/pgf/libraries/shapes/pgflibrary
shapes.symbols.code.tex
File: pgflibraryshapes.symbols.code.tex 2013/09/11 v3.0.1a (rcs-revision 1.6)
))
(/usr/local/texlive/2015/texmf-dist/tex/generic/pgf/frontendlayer/tikz/librarie
s/tikzlibraryshapes.arrows.code.tex
File: tikzlibraryshapes.arrows.code.tex 2008/01/09 v3.0.1a (rcs-revision 1.1)

(/usr/local/texlive/2015/texmf-dist/tex/generic/pgf/libraries/shapes/pgflibrary
shapes.arrows.code.tex
File: pgflibraryshapes.arrows.code.tex 2008/06/26 v3.0.1a (rcs-revision 1.1)
))
(/usr/local/texlive/2015/texmf-dist/tex/generic/pgf/frontendlayer/tikz/librarie
s/tikzlibraryshapes.callouts.code.tex
(/usr/local/texlive/2015/texmf-dist/tex/generic/pgf/libraries/shapes/pgflibrary
shapes.callouts.code.tex))
(/usr/local/texlive/2015/texmf-dist/tex/generic/pgf/frontendlayer/tikz/librarie
s/tikzlibraryshapes.multipart.code.tex
File: tikzlibraryshapes.multipart.code.tex 2008/01/09 v3.0.1a (rcs-revision 1.1
)

(/usr/local/texlive/2015/texmf-dist/tex/generic/pgf/libraries/shapes/pgflibrary
shapes.multipart.code.tex
File: pgflibraryshapes.multipart.code.tex 2010/01/07 v3.0.1a (rcs-revision 1.2)

\pgfnodepartlowerbox=\box42
\pgfnodeparttwobox=\box43
\pgfnodepartthreebox=\box44
\pgfnodepartfourbox=\box45
\pgfnodeparttwentybox=\box46
\pgfnodepartnineteenbox=\box47
\pgfnodeparteighteenbox=\box48
\pgfnodepartseventeenbox=\box49
\pgfnodepartsixteenbox=\box50
\pgfnodepartfifteenbox=\box51
\pgfnodepartfourteenbox=\box52
\pgfnodepartthirteenbox=\box53
\pgfnodeparttwelvebox=\box54
\pgfnodepartelevenbox=\box55
\pgfnodeparttenbox=\box56
\pgfnodepartninebox=\box57
\pgfnodeparteightbox=\box58
\pgfnodepartsevenbox=\box59
\pgfnodepartsixbox=\box60
\pgfnodepartfivebox=\box61
)))
(/usr/local/texlive/2015/texmf-dist/tex/generic/pgf/frontendlayer/tikz/librarie
s/tikzlibrarypatterns.code.tex
File: tikzlibrarypatterns.code.tex 2008/01/15 v3.0.1a (rcs-revision 1.2)

(/usr/local/texlive/2015/texmf-dist/tex/generic/pgf/libraries/pgflibrarypattern
s.code.tex
File: pgflibrarypatterns.code.tex 2008/03/03 v3.0.1a (rcs-revision 1.13)
))
(/usr/local/texlive/2015/texmf-dist/tex/generic/pgf/frontendlayer/tikz/librarie
s/tikzlibraryintersections.code.tex
(/usr/local/texlive/2015/texmf-dist/tex/generic/pgf/libraries/pgflibraryinterse
ctions.code.tex
(/usr/local/texlive/2015/texmf-dist/tex/generic/pgf/libraries/pgflibraryfpu.cod
e.tex)
\pgf@intersect@solutions=\count124
))
(/usr/local/texlive/2015/texmf-dist/tex/generic/pgf/frontendlayer/tikz/librarie
s/tikzlibrarymatrix.code.tex
File: tikzlibrarymatrix.code.tex 2013/07/12 v3.0.1a (rcs-revision 1.4)
)
(/usr/local/texlive/2015/texmf-dist/tex/generic/pgf/frontendlayer/tikz/librarie
s/tikzlibrarydecorations.pathreplacing.code.tex
(/usr/local/texlive/2015/texmf-dist/tex/generic/pgf/libraries/decorations/pgfli
brarydecorations.pathreplacing.code.tex))
(/usr/local/texlive/2015/texmf-dist/tex/generic/pgf/frontendlayer/tikz/librarie
s/tikzlibraryquotes.code.tex
File: tikzlibraryquotes.code.tex 2014/03/21 v3.0.1a (rcs-revision 1.4)
)
\c@theorem=\count125
\c@proofpart=\count126
 (./Article.aux

LaTeX Warning: Label `def:piecewise' multiply defined.


LaTeX Warning: Label `eq:int-curv' multiply defined.


LaTeX Warning: Label `fig:turn-angle' multiply defined.


LaTeX Warning: Label `lem:homeo' multiply defined.

)
\openout1 = `Article.aux'.

LaTeX Font Info:    Checking defaults for OML/cmm/m/it on input line 180.
LaTeX Font Info:    ... okay on input line 180.
LaTeX Font Info:    Checking defaults for T1/cmr/m/n on input line 180.
LaTeX Font Info:    ... okay on input line 180.
LaTeX Font Info:    Checking defaults for OT1/cmr/m/n on input line 180.
LaTeX Font Info:    ... okay on input line 180.
LaTeX Font Info:    Checking defaults for OMS/cmsy/m/n on input line 180.
LaTeX Font Info:    ... okay on input line 180.
LaTeX Font Info:    Checking defaults for OMX/cmex/m/n on input line 180.
LaTeX Font Info:    ... okay on input line 180.
LaTeX Font Info:    Checking defaults for U/cmr/m/n on input line 180.
LaTeX Font Info:    ... okay on input line 180.
 ABD: EveryShipout initializing macros
(/usr/local/texlive/2015/texmf-dist/tex/context/base/supp-pdf.mkii
[Loading MPS to PDF converter (version 2006.09.02).]
\scratchcounter=\count127
\scratchdimen=\dimen174
\scratchbox=\box62
\nofMPsegments=\count128
\nofMParguments=\count129
\everyMPshowfont=\toks43
\MPscratchCnt=\count130
\MPscratchDim=\dimen175
\MPnumerator=\count131
\makeMPintoPDFobject=\count132
\everyMPtoPDFconversion=\toks44
) (/usr/local/texlive/2015/texmf-dist/tex/generic/oberdiek/pdftexcmds.sty
Package: pdftexcmds 2011/11/29 v0.20 Utility functions of pdfTeX for LuaTeX (HO
)

(/usr/local/texlive/2015/texmf-dist/tex/generic/oberdiek/ifluatex.sty
Package: ifluatex 2010/03/01 v1.3 Provides the ifluatex switch (HO)
Package ifluatex Info: LuaTeX not detected.
)
(/usr/local/texlive/2015/texmf-dist/tex/generic/oberdiek/ifpdf.sty
Package: ifpdf 2011/01/30 v2.3 Provides the ifpdf switch (HO)
Package ifpdf Info: pdfTeX in PDF mode is detected.
)
Package pdftexcmds Info: LuaTeX not detected.
Package pdftexcmds Info: \pdf@primitive is available.
Package pdftexcmds Info: \pdf@ifprimitive is available.
Package pdftexcmds Info: \pdfdraftmode found.
)
(/usr/local/texlive/2015/texmf-dist/tex/latex/oberdiek/epstopdf-base.sty
Package: epstopdf-base 2010/02/09 v2.5 Base part for package epstopdf

(/usr/local/texlive/2015/texmf-dist/tex/latex/oberdiek/grfext.sty
Package: grfext 2010/08/19 v1.1 Manage graphics extensions (HO)

(/usr/local/texlive/2015/texmf-dist/tex/generic/oberdiek/kvdefinekeys.sty
Package: kvdefinekeys 2011/04/07 v1.3 Define keys (HO)
))
(/usr/local/texlive/2015/texmf-dist/tex/latex/oberdiek/kvoptions.sty
Package: kvoptions 2011/06/30 v3.11 Key value format for package options (HO)

(/usr/local/texlive/2015/texmf-dist/tex/generic/oberdiek/kvsetkeys.sty
Package: kvsetkeys 2012/04/25 v1.16 Key value parser (HO)

(/usr/local/texlive/2015/texmf-dist/tex/generic/oberdiek/etexcmds.sty
Package: etexcmds 2011/02/16 v1.5 Avoid name clashes with e-TeX commands (HO)
Package etexcmds Info: Could not find \expanded.
(etexcmds)             That can mean that you are not using pdfTeX 1.50 or
(etexcmds)             that some package has redefined \expanded.
(etexcmds)             In the latter case, load this package earlier.
)))
Package grfext Info: Graphics extension search list:
(grfext)             [.png,.pdf,.jpg,.mps,.jpeg,.jbig2,.jb2,.PNG,.PDF,.JPG,.JPE
G,.JBIG2,.JB2,.eps]
(grfext)             \AppendGraphicsExtensions on input line 452.

(/usr/local/texlive/2015/texmf-dist/tex/latex/latexconfig/epstopdf-sys.cfg
File: epstopdf-sys.cfg 2010/07/13 v1.3 Configuration of (r)epstopdf for TeX Liv
e
))
Package caption Info: Begin \AtBeginDocument code.
Package caption Info: End \AtBeginDocument code.
LaTeX Font Info:    Try loading font information for U+msa on input line 183.

(/usr/local/texlive/2015/texmf-dist/tex/latex/amsfonts/umsa.fd
File: umsa.fd 2013/01/14 v3.01 AMS symbols A
)
LaTeX Font Info:    Try loading font information for U+msb on input line 183.

(/usr/local/texlive/2015/texmf-dist/tex/latex/amsfonts/umsb.fd
File: umsb.fd 2013/01/14 v3.01 AMS symbols B
)

LaTeX Warning: No \author given.


LaTeX Warning: Citation `Ghys09' on page 1 undefined on input line 208.


LaTeX Warning: Citation `HH' on page 1 undefined on input line 214.

[1

{/usr/local/texlive/2015/texmf-var/fonts/map/pdftex/updmap/pdftex.map}]

LaTeX Warning: Citation `Bak65' on page 2 undefined on input line 232.


LaTeX Warning: Citation `SamDaya' on page 2 undefined on input line 233.


LaTeX Warning: Citation `SamDaya' on page 2 undefined on input line 233.


LaTeX Warning: Citation `Ladishenkaya' on page 2 undefined on input line 233.


LaTeX Warning: Citation `burago' on page 2 undefined on input line 233.


LaTeX Warning: Citation `bonk' on page 2 undefined on input line 233.


LaTeX Warning: Citation `massonMonasse' on page 2 undefined on input line 233.


LaTeX Warning: Citation `bonk' on page 2 undefined on input line 240.

[2]
Overfull \hbox (12.06712pt too wide) in paragraph at lines 255--260
\OT1/cmr/m/it/10 where $\OML/cmm/m/it/10 K$ \OT1/cmr/m/it/10 is the Gaus-sian c
ur-va-ture of $\OML/cmm/m/it/10 M$\OT1/cmr/m/it/10 , $\OML/cmm/m/it/10 K[] \OT1
/cmr/m/n/10 = [](\OML/cmm/m/it/10 K; \OT1/cmr/m/n/10 0)$ \OT1/cmr/m/it/10 and $
\OML/cmm/m/it/10 K[] \OT1/cmr/m/n/10 = [](\OMS/cmsy/m/n/10 ^^@\OML/cmm/m/it/10 
K; \OT1/cmr/m/n/10 0)$\OT1/cmr/m/it/10 .
 []


Overfull \hbox (25.93652pt too wide) in paragraph at lines 264--275
\U/msa/m/n/10 \\OT1/cmr/m/n/10 (\OML/cmm/m/it/10 ^^M[]\OT1/cmr/m/n/10 (0)\OML/c
mm/m/it/10 ; ^^M[]\OT1/cmr/m/n/10 (0)) \OMS/cmsy/m/n/10 2 \OT1/cmr/m/n/10 (0\OM
L/cmm/m/it/10 ; ^^Y\OT1/cmr/m/n/10 )$ at their in-ter-sec-tion and ex-te-rior a
n-gle $\OML/cmm/m/it/10   \OT1/cmr/m/n/10 = \OML/cmm/m/it/10 ^^Y \OMS/cmsy/m/n/
10 ^^@ \U/msa/m/n/10 \\OT1/cmr/m/n/10 (\OML/cmm/m/it/10 ^^M[]\OT1/cmr/m/n/10 (0
)\OML/cmm/m/it/10 ; ^^M[]\OT1/cmr/m/n/10 (0))$.
 []


LaTeX Warning: Citation `Bonk03' on page 3 undefined on input line 290.

[3]

LaTeX Warning: Citation `Ghys09' on page 4 undefined on input line 296.


LaTeX Warning: Citation `Ghys09' on page 4 undefined on input line 296.

[4] [5]

LaTeX Warning: Citation `Sam95' on page 6 undefined on input line 431.

LaTeX Font Info:    Try loading font information for OMS+cmr on input line 440.

(/usr/local/texlive/2015/texmf-dist/tex/latex/base/omscmr.fd
File: omscmr.fd 2014/09/29 v2.5h Standard LaTeX font definitions
)
LaTeX Font Info:    Font shape `OMS/cmr/m/n' in size <10> not available
(Font)              Font shape `OMS/cmsy/m/n' tried instead on input line 440.

Overfull \hbox (14.49042pt too wide) in paragraph at lines 443--444
[]\OML/cmm/m/it/10 ; [] > \OT1/cmr/m/n/10 0$, be such that $\OML/cmm/m/it/10 '\
OT1/cmr/m/n/10 ([]) \OMS/cmsy/m/n/10 ^^Z \OML/cmm/m/it/10 Q$ \OT1/cmr/m/n/10 an
d such that there ex-ists $([]\OML/cmm/m/it/10 ; []\OT1/cmr/m/n/10 ) \OMS/cmsy/
m/n/10 2 \OT1/cmr/m/n/10 (0\OML/cmm/m/it/10 ; []\OT1/cmr/m/n/10 ][]\OMS/cmsy/m/
n/10 f[]g [
 []

\myboxa=\box63
\myboxb=\box64
\myboxc=\box65
\boxskeleton=\box66
[6]

LaTeX Warning: Citation `Bur05' on page 7 undefined on input line 791.


LaTeX Warning: Citation `Ghys09' on page 7 undefined on input line 868.

[7]
Overfull \hbox (30.09158pt too wide) in paragraph at lines 874--875
\OT1/cmr/m/n/10 ^^@[]([0\OML/cmm/m/it/10 ; L[]\OT1/cmr/m/n/10 ])$ \OT1/cmr/m/it
/10 the two fam-i-lies of curves de-fined by $\OML/cmm/m/it/10 ^^[[]\OT1/cmr/m/
n/10 (\OML/cmm/m/it/10 ^^Q; \OMS/cmsy/m/n/10 ^^A\OT1/cmr/m/n/10 ) := \OML/cmm/m
/it/10 ^^[\OT1/cmr/m/n/10 (\OML/cmm/m/it/10 x[]\OT1/cmr/m/n/10 (\OML/cmm/m/it/1
0 ^^Q\OT1/cmr/m/n/10 )\OML/cmm/m/it/10 ; V[]\OT1/cmr/m/n/10 (\OML/cmm/m/it/10 ^
^Q\OT1/cmr/m/n/10 )\OML/cmm/m/it/10 ; ^^T[]\OT1/cmr/m/n/10 (\OML/cmm/m/it/10 ^^
Q; \OMS/cmsy/m/n/10 ^^A\OT1/cmr/m/n/10 ))$\OT1/cmr/m/it/10 ,
 []


Overfull \hbox (34.15288pt too wide) in paragraph at lines 896--896
[] 
 []

[8] [9]
Overfull \hbox (11.97015pt too wide) detected at line 951
\OML/cmm/m/it/9 X \OT1/cmr/m/n/9 = [] \OML/cmm/m/it/9 ;  f\OT1/cmr/m/n/9 (\OML/
cmm/m/it/9 X\OT1/cmr/m/n/9 ) = [] \OML/cmm/m/it/9 ;  G\OT1/cmr/m/n/9 (\OML/cmm/
m/it/9 X\OT1/cmr/m/n/9 ) = [] \OML/cmm/m/it/9 ;
 []


LaTeX Warning: Citation `Har64' on page 10 undefined on input line 970.

[10]
Overfull \hbox (9.40802pt too wide) detected at line 989
\OMS/cmsy/m/n/9 j\OML/cmm/m/it/9 X[]\OT1/cmr/m/n/9 (\OML/cmm/m/it/9 t\OT1/cmr/m
/n/9 ) \OMS/cmsy/m/n/9 ^^@ \OML/cmm/m/it/9 X[]\OT1/cmr/m/n/9 (\OML/cmm/m/it/9 t
\OT1/cmr/m/n/9 )\OMS/cmsy/m/n/9 j ^^T [] []\OML/cmm/m/it/9 t[]C[] \OT1/cmr/m/n/
9 + \OML/cmm/m/it/9 C[]\OMS/cmsy/m/n/9 k\OML/cmm/m/it/9 ^^T[]\OMS/cmsy/m/n/9 k[
][][] [] \OML/cmm/m/it/9 ;
 []


LaTeX Warning: Citation `Har64' on page 11 undefined on input line 1002.


Overfull \hbox (22.16716pt too wide) in paragraph at lines 1021--1021
[] 
 []


Package amsmath Warning: Cannot use `split' here;
(amsmath)                trying to recover with `aligned' on input line 1021.


Overfull \hbox (54.51057pt too wide) in paragraph at lines 1034--1034
[] 
 []

[11]
Overfull \hbox (42.63185pt too wide) detected at line 1064
 []$[] \OT1/cmr/m/n/9 + [] [] []\OML/cmm/m/it/9 F[] [] [][]\OMS/cmsy/m/n/9 k\OM
L/cmm/m/it/9 @[]^^T[]\OMS/cmsy/m/n/9 k[]\OML/cmm/m/it/9 ;  $ 
 []


Overfull \hbox (16.76205pt too wide) in paragraph at lines 1081--1081
[] 
 []

[12]
Overfull \hbox (79.53267pt too wide) in paragraph at lines 1092--1092
[] 
 []


Overfull \hbox (40.42245pt too wide) detected at line 1109
\OT1/cmr/m/n/10 ^^F[] = []  ^^F[] = []
 []


Overfull \hbox (65.26886pt too wide) in paragraph at lines 1114--1117
\OT1/cmr/m/n/10 where the con-stant $\OML/cmm/m/it/10 C$ \OT1/cmr/m/n/10 de-pen
ds on $\OML/cmm/m/it/10 L[]$\OT1/cmr/m/n/10 , $\OMS/cmsy/m/n/10 k\OML/cmm/m/it/
10 x[]\OMS/cmsy/m/n/10 k[]$\OT1/cmr/m/n/10 , $\OMS/cmsy/m/n/10 k\OML/cmm/m/it/1
0 V[]\OMS/cmsy/m/n/10 k[]$\OT1/cmr/m/n/10 , and $\OMS/cmsy/m/n/10 k\OML/cmm/m/i
t/10 ^^T[]\OMS/cmsy/m/n/10 k[]$\OT1/cmr/m/n/10 ,
 []

[13] [14]
Overfull \hbox (4.99591pt too wide) in paragraph at lines 1186--1186
[] 
 []


Overfull \hbox (15.90877pt too wide) detected at line 1198
\OML/cmm/m/it/10 V[]\OT1/cmr/m/n/10 (\OML/cmm/m/it/10 u\OT1/cmr/m/n/10 ) = \OMS
/cmsy/m/n/10 R[]\OT1/cmr/m/n/10 (\OML/cmm/m/it/10 ![]\OT1/cmr/m/n/10 (\OML/cmm/
m/it/10 u; \OT1/cmr/m/n/10 0))\OML/cmm/m/it/10 ^^M[]\OT1/cmr/m/n/10 (\OML/cmm/m
/it/10 u\OT1/cmr/m/n/10 ) = [](\OML/cmm/m/it/10 ![]\OT1/cmr/m/n/10 (\OML/cmm/m/
it/10 u; \OT1/cmr/m/n/10 0))\OML/cmm/m/it/10 ^^M[]\OT1/cmr/m/n/10 (\OML/cmm/m/i
t/10 u\OT1/cmr/m/n/10 ) + [](\OML/cmm/m/it/10 ![]\OT1/cmr/m/n/10 (\OML/cmm/m/it
/10 u; \OT1/cmr/m/n/10 0))\OML/cmm/m/it/10 ^^M[]\OT1/cmr/m/n/10 (\OML/cmm/m/it/
10 u\OT1/cmr/m/n/10 )\OML/cmm/m/it/10 ;
 []


LaTeX Warning: Reference `eq:geod-dual1' on page 15 undefined on input line 121
5.

[15]
Overfull \hbox (25.6187pt too wide) detected at line 1233
\OMS/cmsy/m/n/10 k\OML/cmm/m/it/10 x[]\OMS/cmsy/m/n/10 k[] \OT1/cmr/m/n/10 = \O
MS/cmsy/m/n/10 k\OML/cmm/m/it/10 ^^M[]\OMS/cmsy/m/n/10 k[]\OML/cmm/m/it/10 ;  \
OMS/cmsy/m/n/10 k\OML/cmm/m/it/10 x[] \OMS/cmsy/m/n/10 ^^@ \OML/cmm/m/it/10 x[]
\OMS/cmsy/m/n/10 k[] \OT1/cmr/m/n/10 = \OMS/cmsy/m/n/10 k\OML/cmm/m/it/10 ^^M[]
 \OMS/cmsy/m/n/10 ^^@ \OML/cmm/m/it/10 ^^M[]\OMS/cmsy/m/n/10 k[]\OML/cmm/m/it/1
0 :
 []


Overfull \hbox (40.3079pt too wide) in paragraph at lines 1233--1236
\OML/cmm/m/it/10 x[]; x[] \OMS/cmsy/m/n/10 2 \OML/cmm/m/it/10 C[]\OT1/cmr/m/n/1
0 ([0\OML/cmm/m/it/10 ; L[]\OT1/cmr/m/n/10 ])$, $\OML/cmm/m/it/10 V[]; V[] \OMS
/cmsy/m/n/10 2 \OML/cmm/m/it/10 C[]\OT1/cmr/m/n/10 ([0\OML/cmm/m/it/10 ; L[]\OT
1/cmr/m/n/10 ])$ and $\OML/cmm/m/it/10 ^^T[]; ^^T[] \OMS/cmsy/m/n/10 2 \OML/cmm
/m/it/10 C[]\OT1/cmr/m/n/10 ([0\OML/cmm/m/it/10 ; L[]\OT1/cmr/m/n/10 ]\OML/cmm/
m/it/10 ; C[]\OT1/cmr/m/n/10 ([0\OML/cmm/m/it/10 ; L[]\OT1/cmr/m/n/10 ]))$.
 []

[16]
Overfull \hbox (0.74153pt too wide) in paragraph at lines 1266--1268
[]\OT1/cmr/m/n/10 Let $\OML/cmm/m/it/10 m \OMS/cmsy/m/n/10 2 f\OT1/cmr/m/n/10 1
\OML/cmm/m/it/10 ; \OT1/cmr/m/n/10 2\OMS/cmsy/m/n/10 g$\OT1/cmr/m/n/10 . First,
 ow-ing to Propo-si-tion 7[], we have $\OML/cmm/m/it/10 '[] \OT1/cmr/m/n/10 = \
OMS/cmsy/m/n/10 I\OT1/cmr/m/n/10 (\OML/cmm/m/it/10 ^^M[]; ![]\OT1/cmr/m/n/10 ) 
\OMS/cmsy/m/n/10 2
 []


Overfull \hbox (17.72987pt too wide) detected at line 1282
\OML/cmm/m/it/10 @[]^^T[] \OT1/cmr/m/n/10 = \OML/cmm/m/it/10 @[][][]K\OT1/cmr/m
/n/10 (\OML/cmm/m/it/10 '[]\OT1/cmr/m/n/10 ) [](\OML/cmm/m/it/10 ![]\OT1/cmr/m/
n/10 )[] = \OMS/cmsy/m/n/10 ^^@ []\OT1/cmr/m/n/10 (\OML/cmm/m/it/10 ![]\OT1/cmr
/m/n/10 )\OMS/cmsy/m/n/10 r\OML/cmm/m/it/10 K\OT1/cmr/m/n/10 (\OML/cmm/m/it/10 
'[]\OT1/cmr/m/n/10 )\OML/cmm/m/it/10 @[]'[] \OMS/cmsy/m/n/10 ^^@ \OML/cmm/m/it/
10 K\OT1/cmr/m/n/10 (\OML/cmm/m/it/10 '[]\OT1/cmr/m/n/10 ) [](\OML/cmm/m/it/10 
![]\OT1/cmr/m/n/10 )\OML/cmm/m/it/10 @[]![];
 []


Overfull \hbox (36.96196pt too wide) in paragraph at lines 1291--1291
[] 
 []

[17]
Overfull \hbox (6.65224pt too wide) detected at line 1295
[]\OML/cmm/m/it/10 ^^T[] \OMS/cmsy/m/n/10 ^^@ \OML/cmm/m/it/10 ^^T[][][] \OMS/c
msy/m/n/10 ^^T \OML/cmm/m/it/10 C[]\OMS/cmsy/m/n/10 k\OML/cmm/m/it/10 ![] \OMS/
cmsy/m/n/10 ^^@ \OML/cmm/m/it/10 ![]\OMS/cmsy/m/n/10 k[] \OT1/cmr/m/n/10 + \OMS
/cmsy/m/n/10 k\OML/cmm/m/it/10 ^^M[] \OMS/cmsy/m/n/10 ^^@ \OML/cmm/m/it/10 ^^M[
]\OMS/cmsy/m/n/10 k[][]\OML/cmm/m/it/10 ;
 []

[18]
Overfull \hbox (16.15144pt too wide) detected at line 1342
\OML/cmm/m/it/10 @[]R \OT1/cmr/m/n/10 = \OML/cmm/m/it/10 @[]!@[]RT \OT1/cmr/m/n
/10 + []\OML/cmm/m/it/10 T[] \OMS/cmsy/m/n/10 ^^@ \OML/cmm/m/it/10 K\OT1/cmr/m/
n/10 (\OML/cmm/m/it/10 '\OT1/cmr/m/n/10 )\OML/cmm/m/it/10 X[][] [] ! [][] [] []
 ! \OT1/cmr/m/n/10 + [] \OML/cmm/m/it/10 ! [][] [] [] ![];
 []


Overfull \hbox (1.86707pt too wide) in paragraph at lines 1354--1354
[] 
 []


Overfull \hbox (18.74274pt too wide) in paragraph at lines 1364--1364
[] 
 []

[19]
Overfull \hbox (77.6019pt too wide) in paragraph at lines 1386--1386
[] 
 []

[20]
Overfull \hbox (4.66881pt too wide) in paragraph at lines 1416--1416
[] 
 []


Overfull \hbox (23.42517pt too wide) in paragraph at lines 1426--1426
[] 
 []


Overfull \hbox (93.15508pt too wide) in paragraph at lines 1436--1436
[] 
 []

[21]
Overfull \hbox (82.29588pt too wide) in paragraph at lines 1451--1451
[] 
 []


Overfull \hbox (42.08209pt too wide) in paragraph at lines 1458--1458
[] 
 []

[22]
Overfull \hbox (6.15607pt too wide) in paragraph at lines 1493--1493
[] 
 []


Package amsmath Warning: Cannot use `split' here;
(amsmath)                trying to recover with `aligned' on input line 1500.


Overfull \hbox (16.15144pt too wide) detected at line 1523
\OML/cmm/m/it/10 @[]R \OT1/cmr/m/n/10 = \OML/cmm/m/it/10 @[]!@[]RT \OT1/cmr/m/n
/10 + []\OML/cmm/m/it/10 T[] \OMS/cmsy/m/n/10 ^^@ \OML/cmm/m/it/10 K\OT1/cmr/m/
n/10 (\OML/cmm/m/it/10 '\OT1/cmr/m/n/10 )\OML/cmm/m/it/10 X[][] [] ! [][] [] []
 ! \OT1/cmr/m/n/10 + [] \OML/cmm/m/it/10 ! [][] [] [] ![]:
 []

[23]
Overfull \hbox (13.90361pt too wide) in paragraph at lines 1535--1536
\OT1/cmr/m/n/10 ^^@[]([0\OML/cmm/m/it/10 ; L[]\OT1/cmr/m/n/10 ])[]^^@[]([0\OML/
cmm/m/it/10 ; L[]\OT1/cmr/m/n/10 ])$ be two curves of geodesic cur-va-tures $\O
ML/cmm/m/it/10 ^^T[] \OMS/cmsy/m/n/10 2 \OML/cmm/m/it/10 C[]\OT1/cmr/m/n/10 ([0
\OML/cmm/m/it/10 ; L[]\OT1/cmr/m/n/10 ]\OML/cmm/m/it/10 ; \U/msb/m/n/10 R\OT1/c
mr/m/n/10 )$
 []


Overfull \hbox (29.42628pt too wide) detected at line 1538
\OML/cmm/m/it/10 F\OT1/cmr/m/n/10 [\OML/cmm/m/it/10 !\OT1/cmr/m/n/10 ](\OML/cmm
/m/it/10 u; v\OT1/cmr/m/n/10 ) = \U/msa/m/n/10 \[]\OML/cmm/m/it/10 ^^M[]\OT1/cm
r/m/n/10 (0)\OML/cmm/m/it/10 ; ^^M[]\OT1/cmr/m/n/10 (0)[] \OMS/cmsy/m/n/10 ^^@ 
[][] \OML/cmm/m/it/10 ^^T[] \OT1/cmr/m/n/10 + [][] \OML/cmm/m/it/10 ^^T[] \OMS/
cmsy/m/n/10 ^^@ [][] [][] \OML/cmm/m/it/10 K[]\OMS/cmsy/m/n/10 I\OT1/cmr/m/n/10
 (\OML/cmm/m/it/10 ^^M; !\OT1/cmr/m/n/10 )(\OML/cmm/m/it/10 t; s\OT1/cmr/m/n/10
 )[] [](\OML/cmm/m/it/10 !\OT1/cmr/m/n/10 (\OML/cmm/m/it/10 t; s\OT1/cmr/m/n/10
 ))d\OML/cmm/m/it/10 t\OT1/cmr/m/n/10 d\OML/cmm/m/it/10 s;
 []

[24]
Overfull \hbox (30.10262pt too wide) in paragraph at lines 1571--1571
[] 
 []

[25]
Overfull \hbox (23.97205pt too wide) in paragraph at lines 1595--1595
[] 
 []


Overfull \hbox (78.5932pt too wide) in paragraph at lines 1604--1604
[] 
 []


Overfull \hbox (33.38417pt too wide) in paragraph at lines 1628--1628
[] 
 []

[26]
Underfull \hbox (badness 1117) in paragraph at lines 1647--1648
\OT1/cmr/m/it/10 and $\OT1/cmr/m/n/10 ^^B[]([0\OML/cmm/m/it/10 ; L[]\OT1/cmr/m/
n/10 ][][0\OML/cmm/m/it/10 ; L[]\OT1/cmr/m/n/10 (\OML/cmm/m/it/10 R[]\OT1/cmr/m
/n/10 )])$ \OT1/cmr/m/it/10 with the norms in $\OT1/cmr/m/n/10 ^^@[]([0\OML/cmm
/m/it/10 ; L[]\OT1/cmr/m/n/10 ])[]^^@[]([0\OML/cmm/m/it/10 ; L[]\OT1/cmr/m/n/10
 ])$ \OT1/cmr/m/it/10 and
 []

[27] [28]
Underfull \hbox (badness 10000) in paragraph at lines 1701--1703
\OT1/cmr/m/n/10 We can now state the equiv-a-lent of Propo-si-tion 11[] in
 []


Overfull \hbox (23.23149pt too wide) in paragraph at lines 1718--1718
[] 
 []


Overfull \hbox (62.24564pt too wide) in paragraph at lines 1724--1724
[] 
 []

[29]
Overfull \hbox (47.98108pt too wide) in paragraph at lines 1757--1757
[] 
 []

[30]
Overfull \hbox (9.95393pt too wide) in paragraph at lines 1764--1764
[] 
 []


Overfull \hbox (34.98816pt too wide) in paragraph at lines 1777--1777
[] 
 []

[31]
Overfull \hbox (35.92426pt too wide) in paragraph at lines 1812--1812
[] 
 []


LaTeX Warning: Reference `thm2' on page 32 undefined on input line 1818.

[32]

./Article.tex:1888: LaTeX Error: Command \myboxa already defined.
               Or name \end... illegal, see p.192 of the manual.

See the LaTeX manual or LaTeX Companion for explanation.
Type  H <return>  for immediate help.
 ...                                              
                                                  
l.1888 \newsavebox\myboxa
                         
? 

./Article.tex:1889: LaTeX Error: Command \myboxb already defined.
               Or name \end... illegal, see p.192 of the manual.

See the LaTeX manual or LaTeX Companion for explanation.
Type  H <return>  for immediate help.
 ...                                              
                                                  
l.1889 \newsavebox\myboxb
                         
? 

./Article.tex:1890: LaTeX Error: Command \myboxc already defined.
               Or name \end... illegal, see p.192 of the manual.

See the LaTeX manual or LaTeX Companion for explanation.
Type  H <return>  for immediate help.
 ...                                              
                                                  
l.1890 \newsavebox\myboxc
                         
? 

./Article.tex:1891: LaTeX Error: Command \boxskeleton already defined.
               Or name \end... illegal, see p.192 of the manual.

See the LaTeX manual or LaTeX Companion for explanation.
Type  H <return>  for immediate help.
 ...                                              
                                                  
l.1891 \newsavebox\boxskeleton
                              
? 

./Article.tex:2063: LaTeX Error: Command \schemSubd already defined.
               Or name \end... illegal, see p.192 of the manual.

See the LaTeX manual or LaTeX Companion for explanation.
Type  H <return>  for immediate help.
 ...                                              
                                                  
l.2063 }
        
? 

./Article.tex:2089: LaTeX Error: Command \elsing already defined.
               Or name \end... illegal, see p.192 of the manual.

See the LaTeX manual or LaTeX Companion for explanation.
Type  H <return>  for immediate help.
 ...                                              
                                                  
l.2089 }
        
? 

./Article.tex:2098: LaTeX Error: Command \base already defined.
               Or name \end... illegal, see p.192 of the manual.

See the LaTeX manual or LaTeX Companion for explanation.
Type  H <return>  for immediate help.
 ...                                              
                                                  
l.2098 }
        
? 

./Article.tex:2126: LaTeX Error: Command \schem already defined.
               Or name \end... illegal, see p.192 of the manual.

See the LaTeX manual or LaTeX Companion for explanation.
Type  H <return>  for immediate help.
 ...                                              
                                                  
l.2126 }
        
? 

./Article.tex:2133: LaTeX Error: Command \schemd already defined.
               Or name \end... illegal, see p.192 of the manual.

See the LaTeX manual or LaTeX Companion for explanation.
Type  H <return>  for immediate help.
 ...                                              
                                                  
l.2133 }
        
? 

./Article.tex:2157: LaTeX Error: Command \schema already defined.
               Or name \end... illegal, see p.192 of the manual.

See the LaTeX manual or LaTeX Companion for explanation.
Type  H <return>  for immediate help.
 ...                                              
                                                  
l.2157 }
        
? 

./Article.tex:2178: LaTeX Error: Command \schemb already defined.
               Or name \end... illegal, see p.192 of the manual.

See the LaTeX manual or LaTeX Companion for explanation.
Type  H <return>  for immediate help.
 ...                                              
                                                  
l.2178 }
        
? 

./Article.tex:2204: LaTeX Error: Command \schemc already defined.
               Or name \end... illegal, see p.192 of the manual.

See the LaTeX manual or LaTeX Companion for explanation.
Type  H <return>  for immediate help.
 ...                                              
                                                  
l.2204 }
        
? 
[33]

LaTeX Warning: Citation `Bur05' on page 34 undefined on input line 2231.

[34]

LaTeX Warning: Citation `Bak65' on page 35 undefined on input line 2300.


LaTeX Warning: Citation `Bur05' on page 35 undefined on input line 2300.

[35]

LaTeX Warning: Citation `Ghys09' on page 36 undefined on input line 2352.

[36]
Overfull \hbox (45.68932pt too wide) in paragraph at lines 2391--2393
 [][] 
 []


Overfull \hbox (25.59067pt too wide) in paragraph at lines 2438--2439
 [] 
 []


LaTeX Warning: Citation `Sam95' on page 37 undefined on input line 2448.

[37] [38]

LaTeX Warning: Reference `sec:chap4' on page 39 undefined on input line 2513.

[39] [40] [41]
Overfull \hbox (72.4418pt too wide) in paragraph at lines 2632--2632
[] 
 []


LaTeX Warning: Citation `Bur05' on page 42 undefined on input line 2665.

[42]

LaTeX Warning: Citation `Bur05' on page 43 undefined on input line 2668.


Overfull \hbox (40.27446pt too wide) in paragraph at lines 2709--2710
 [][] 
 []


Overfull \hbox (40.27446pt too wide) in paragraph at lines 2723--2725
 [][] 
 []


Overfull \hbox (110.13097pt too wide) in paragraph at lines 2975--2976
 [][] 
 []


LaTeX Warning: Citation `Bur05' on page 43 undefined on input line 2979.

[43]

LaTeX Warning: Citation `Bur05' on page 44 undefined on input line 2984.

[44] [45]
Overfull \hbox (13.88025pt too wide) detected at line 3008
\OML/cmm/m/it/10 ^^X\OT1/cmr/m/n/10 (\OML/cmm/m/it/10 v\OT1/cmr/m/n/10 ) = (\OM
L/cmm/m/it/10 ^^X[]\OT1/cmr/m/n/10 (\OML/cmm/m/it/10 v\OT1/cmr/m/n/10 )\OML/cmm
/m/it/10 ; ^^X[]\OT1/cmr/m/n/10 (\OML/cmm/m/it/10 v\OT1/cmr/m/n/10 )) = [] \OML
/cmm/m/it/10 :
 []


LaTeX Warning: Citation `Bur05' on page 46 undefined on input line 3016.

[46]

LaTeX Warning: Citation `Bur05' on page 47 undefined on input line 3048.


LaTeX Warning: Citation `Bur05' on page 47 undefined on input line 3052.

[47] [48] [49]

LaTeX Warning: Float too large for page by 79.37369pt on input line 3209.


Overfull \hbox (150.48286pt too wide) in paragraph at lines 3310--3311
 [][] 
 []

[50] [51] [52]
Overfull \hbox (97.12143pt too wide) in paragraph at lines 3355--3356
 [] 
 []

[53] [54] [55]
Overfull \hbox (24.71211pt too wide) in paragraph at lines 3656--3657
 [] 
 []


Overfull \hbox (24.71211pt too wide) in paragraph at lines 3671--3672
 [] 
 []

[56]
LaTeX Font Info:    Font shape `OMS/cmr/m/it' in size <10> not available
(Font)              Font shape `OMS/cmsy/m/n' tried instead on input line 3691.

 [57] [58]
Overfull \hbox (29.43227pt too wide) detected at line 3801
[][] [] \OT1/cmr/m/n/10 = [][] [] + [][] \OML/cmm/m/it/10 K \OT1/cmr/m/n/10 = [
][] \OML/cmm/m/it/10 ^^T[] \OT1/cmr/m/n/10 + [] [][] \OML/cmm/m/it/10 K;
 []


Overfull \hbox (20.33139pt too wide) in paragraph at lines 3898--3899
 [][] 
 []

[59]
Overfull \hbox (48.37482pt too wide) in paragraph at lines 3924--3924
[] 
 []

[60]
Overfull \hbox (13.95616pt too wide) in paragraph at lines 3938--3938
[] 
 []

[61]
Underfull \hbox (badness 7116) in paragraph at lines 3994--3995
[]\OT1/cmr/bx/n/10 Corollary 43 \OT1/cmr/m/n/10 (Ex-is-tence of piece-wise smoo
th Cheby-shev nets on
 []

[62]
No file Article.bbl.
[63] (./Article.aux)

LaTeX Warning: There were undefined references.


LaTeX Warning: There were multiply-defined labels.

 ) 
Here is how much of TeX's memory you used:
 18521 strings out of 493027
 386662 string characters out of 6134069
 472206 words of memory out of 5000000
 21700 multiletter control sequences out of 15000+600000
 17280 words of font info for 66 fonts, out of 8000000 for 9000
 1141 hyphenation exceptions out of 8191
 55i,21n,72p,1498b,1255s stack positions out of 5000i,500n,10000p,200000b,80000s
</usr/local/texlive/2015/texmf-dist/fonts/type1/public/amsfonts/cm/cmbx10.pfb
></usr/local/texlive/2015/texmf-dist/fonts/type1/public/amsfonts/cm/cmbx12.pfb>
</usr/local/texlive/2015/texmf-dist/fonts/type1/public/amsfonts/cm/cmex10.pfb><
/usr/local/texlive/2015/texmf-dist/fonts/type1/public/amsfonts/cmextra/cmex9.pf
b></usr/local/texlive/2015/texmf-dist/fonts/type1/public/amsfonts/cm/cmmi10.pfb
></usr/local/texlive/2015/texmf-dist/fonts/type1/public/amsfonts/cm/cmmi12.pfb>
</usr/local/texlive/2015/texmf-dist/fonts/type1/public/amsfonts/cm/cmmi5.pfb></
usr/local/texlive/2015/texmf-dist/fonts/type1/public/amsfonts/cm/cmmi6.pfb></us
r/local/texlive/2015/texmf-dist/fonts/type1/public/amsfonts/cm/cmmi7.pfb></usr/
local/texlive/2015/texmf-dist/fonts/type1/public/amsfonts/cm/cmmi8.pfb></usr/lo
cal/texlive/2015/texmf-dist/fonts/type1/public/amsfonts/cm/cmmi9.pfb></usr/loca
l/texlive/2015/texmf-dist/fonts/type1/public/amsfonts/cm/cmr10.pfb></usr/local/
texlive/2015/texmf-dist/fonts/type1/public/amsfonts/cm/cmr12.pfb></usr/local/te
xlive/2015/texmf-dist/fonts/type1/public/amsfonts/cm/cmr17.pfb></usr/local/texl
ive/2015/texmf-dist/fonts/type1/public/amsfonts/cm/cmr5.pfb></usr/local/texlive
/2015/texmf-dist/fonts/type1/public/amsfonts/cm/cmr6.pfb></usr/local/texlive/20
15/texmf-dist/fonts/type1/public/amsfonts/cm/cmr7.pfb></usr/local/texlive/2015/
texmf-dist/fonts/type1/public/amsfonts/cm/cmr8.pfb></usr/local/texlive/2015/tex
mf-dist/fonts/type1/public/amsfonts/cm/cmr9.pfb></usr/local/texlive/2015/texmf-
dist/fonts/type1/public/amsfonts/cm/cmsy10.pfb></usr/local/texlive/2015/texmf-d
ist/fonts/type1/public/amsfonts/cm/cmsy5.pfb></usr/local/texlive/2015/texmf-dis
t/fonts/type1/public/amsfonts/cm/cmsy6.pfb></usr/local/texlive/2015/texmf-dist/
fonts/type1/public/amsfonts/cm/cmsy7.pfb></usr/local/texlive/2015/texmf-dist/fo
nts/type1/public/amsfonts/cm/cmsy8.pfb></usr/local/texlive/2015/texmf-dist/font
s/type1/public/amsfonts/cm/cmsy9.pfb></usr/local/texlive/2015/texmf-dist/fonts/
type1/public/amsfonts/cm/cmti10.pfb></usr/local/texlive/2015/texmf-dist/fonts/t
ype1/public/amsfonts/cm/cmti7.pfb></usr/local/texlive/2015/texmf-dist/fonts/typ
e1/public/amsfonts/cm/cmti9.pfb></usr/local/texlive/2015/texmf-dist/fonts/type1
/public/amsfonts/symbols/msam10.pfb></usr/local/texlive/2015/texmf-dist/fonts/t
ype1/public/amsfonts/symbols/msbm10.pfb></usr/local/texlive/2015/texmf-dist/fon
ts/type1/public/amsfonts/symbols/msbm7.pfb>
Output written on Article.pdf (63 pages, 613332 bytes).
PDF statistics:
 336 PDF objects out of 1000 (max. 8388607)
 237 compressed objects within 3 object streams
 0 named destinations out of 1000 (max. 500000)
 13 words of extra memory for PDF output out of 10000 (max. 10000000)

